#
# There is insufficient memory for the Java Runtime Environment to continue.
# Native memory allocation (malloc) failed to allocate 1048576 bytes for AllocateHeap
# Possible reasons:
#   The system is out of physical RAM or swap space
#   The process is running with CompressedOops enabled, and the Java Heap may be blocking the growth of the native heap
# Possible solutions:
#   Reduce memory load on the system
#   Increase physical memory or swap space
#   Check if swap backing store is full
#   Decrease Java heap size (-Xmx/-Xms)
#   Decrease number of Java threads
#   Decrease Java thread stack sizes (-Xss)
#   Set larger code cache with -XX:ReservedCodeCacheSize=
#   JVM is running with Unscaled Compressed Oops mode in which the Java heap is
#     placed in the first 4GB address space. The Java Heap base address is the
#     maximum limit for the native heap growth. Please use -XX:HeapBaseMinAddress
#     to set the Java Heap base and to place the Java Heap above 4GB virtual address.
# This output file may be truncated or incomplete.
#
#  Out of Memory Error (memory/allocation.inline.hpp:61), pid=177360, tid=0x000000000002bf78
#
# JRE version:  (8.0_271-b09) (build )
# Java VM: Java HotSpot(TM) 64-Bit Server VM (25.271-b09 mixed mode windows-amd64 compressed oops)
# Failed to write core dump. Minidumps are not enabled by default on client versions of Windows
#

---------------  T H R E A D  ---------------

Current thread (0x000001df1dfff800):  JavaThread "Unknown thread" [_thread_in_vm, id=180088, stack(0x000000d69ac00000,0x000000d69ad00000)]

Stack: [0x000000d69ac00000,0x000000d69ad00000]
Native frames: (J=compiled Java code, j=interpreted, Vv=VM code, C=native code)
V  [jvm.dll+0x33f6c9]
V  [jvm.dll+0x286122]
V  [jvm.dll+0x286dcd]
V  [jvm.dll+0x27d805]
V  [jvm.dll+0x1565d]
V  [jvm.dll+0x3e35e7]
V  [jvm.dll+0x3e3fd8]
V  [jvm.dll+0x10cfff]
V  [jvm.dll+0x21ab2b]
V  [jvm.dll+0x2494e7]
V  [jvm.dll+0x172a76]
C  [javaw.exe+0x2322]
C  [javaw.exe+0x16544]
C  [KERNEL32.DLL+0x17c24]
C  [ntdll.dll+0x6d4d1]


---------------  P R O C E S S  ---------------

Java Threads: ( => current thread )

Other Threads:

=>0x000001df1dfff800 (exited) JavaThread "Unknown thread" [_thread_in_vm, id=180088, stack(0x000000d69ac00000,0x000000d69ad00000)]

VM state:not at safepoint (normal execution)

VM Mutex/Monitor currently owned by a thread: None

heap address: 0x0000000082200000, size: 2014 MB, Compressed Oops mode: 32-bit
Narrow klass base: 0x0000000000000000, Narrow klass shift: 3
Compressed class space size: 1073741824 Address: 0x0000000100000000

Heap:
 PSYoungGen      total 37888K, used 655K [0x00000000d6100000, 0x00000000d8b00000, 0x0000000100000000)
  eden space 32768K, 2% used [0x00000000d6100000,0x00000000d61a3d80,0x00000000d8100000)
  from space 5120K, 0% used [0x00000000d8600000,0x00000000d8600000,0x00000000d8b00000)
  to   space 5120K, 0% used [0x00000000d8100000,0x00000000d8100000,0x00000000d8600000)
 ParOldGen       total 86016K, used 0K [0x0000000082200000, 0x0000000087600000, 0x00000000d6100000)
  object space 86016K, 0% used [0x0000000082200000,0x0000000082200000,0x0000000087600000)
 Metaspace       used 752K, capacity 4480K, committed 4480K, reserved 1056768K
  class space    used 76K, capacity 384K, committed 384K, reserved 1048576K

Card table byte_map: [0x000001df2eca0000,0x000001df2f090000] byte_map_base: 0x000001df2e88f000

Marking Bits: (ParMarkBitMap*) 0x0000000067a27fe0
 Begin Bits: [0x000001df2f330000, 0x000001df312a8000)
 End Bits:   [0x000001df312a8000, 0x000001df33220000)

Polling page: 0x000001df1f8b0000

CodeCache: size=245760Kb used=328Kb max_used=328Kb free=245431Kb
 bounds [0x000001df1f8e0000, 0x000001df1fb50000, 0x000001df2e8e0000]
 total_blobs=58 nmethods=0 adapters=38
 compilation: enabled

Compilation events (0 events):
No events

GC Heap History (0 events):
No events

Deoptimization events (0 events):
No events

Classes redefined (0 events):
No events

Internal exceptions (0 events):
No events

Events (10 events):
Event: 0.028 loading class java/lang/Short
Event: 0.028 loading class java/lang/Short done
Event: 0.028 loading class java/lang/Integer
Event: 0.028 loading class java/lang/Integer done
Event: 0.028 loading class java/lang/Long
Event: 0.028 loading class java/lang/Long done
Event: 0.029 loading class java/lang/NullPointerException
Event: 0.029 loading class java/lang/NullPointerException done
Event: 0.029 loading class java/lang/ArithmeticException
Event: 0.029 loading class java/lang/ArithmeticException done


Dynamic libraries:
0x00007ff76c7b0000 - 0x00007ff76c7f7000 	C:\Program Files\Java\jre1.8.0_271\bin\javaw.exe
0x00007ff9715a0000 - 0x00007ff971790000 	C:\Windows\SYSTEM32\ntdll.dll
0x00007ff9714a0000 - 0x00007ff971552000 	C:\Windows\System32\KERNEL32.DLL
0x00007ff96ed30000 - 0x00007ff96efd5000 	C:\Windows\System32\KERNELBASE.dll
0x00007ff968920000 - 0x00007ff9689af000 	C:\Windows\SYSTEM32\apphelp.dll
0x00007ff9703b0000 - 0x00007ff970453000 	C:\Windows\System32\ADVAPI32.dll
0x00007ff970540000 - 0x00007ff9705de000 	C:\Windows\System32\msvcrt.dll
0x00007ff9713f0000 - 0x00007ff971487000 	C:\Windows\System32\sechost.dll
0x00007ff96fe10000 - 0x00007ff96ff30000 	C:\Windows\System32\RPCRT4.dll
0x00007ff970f20000 - 0x00007ff9710b4000 	C:\Windows\System32\USER32.dll
0x00007ff96e570000 - 0x00007ff96e591000 	C:\Windows\System32\win32u.dll
0x00007ff970460000 - 0x00007ff970486000 	C:\Windows\System32\GDI32.dll
0x00007ff96f240000 - 0x00007ff96f3d6000 	C:\Windows\System32\gdi32full.dll
0x00007ff96f0a0000 - 0x00007ff96f13e000 	C:\Windows\System32\msvcp_win.dll
0x00007ff96f140000 - 0x00007ff96f23a000 	C:\Windows\System32\ucrtbase.dll
0x00007ff958ef0000 - 0x00007ff959174000 	C:\Windows\WinSxS\amd64_microsoft.windows.common-controls_6595b64144ccf1df_6.0.18362.1256_none_9e7e379be45e40e2\COMCTL32.dll
0x00007ff96f700000 - 0x00007ff96fa36000 	C:\Windows\System32\combase.dll
0x00007ff96f010000 - 0x00007ff96f091000 	C:\Windows\System32\bcryptPrimitives.dll
0x00007ff971190000 - 0x00007ff9711be000 	C:\Windows\System32\IMM32.DLL
0x00007ff93cdd0000 - 0x00007ff93cde5000 	C:\Program Files\Java\jre1.8.0_271\bin\vcruntime140.dll
0x00007ff930830000 - 0x00007ff9308cb000 	C:\Program Files\Java\jre1.8.0_271\bin\msvcp140.dll
0x0000000067230000 - 0x0000000067a9f000 	C:\Program Files\Java\jre1.8.0_271\bin\server\jvm.dll
0x00007ff96ff30000 - 0x00007ff96ff38000 	C:\Windows\System32\PSAPI.DLL
0x00007ff94a8a0000 - 0x00007ff94a8a9000 	C:\Windows\SYSTEM32\WSOCK32.dll
0x00007ff963ec0000 - 0x00007ff963eca000 	C:\Windows\SYSTEM32\VERSION.dll
0x00007ff966250000 - 0x00007ff966274000 	C:\Windows\SYSTEM32\WINMM.dll
0x00007ff9711c0000 - 0x00007ff97122f000 	C:\Windows\System32\WS2_32.dll
0x00007ff966200000 - 0x00007ff96622d000 	C:\Windows\SYSTEM32\WINMMBASE.dll
0x00007ff96f600000 - 0x00007ff96f64a000 	C:\Windows\System32\cfgmgr32.dll
0x00007ff96e4f0000 - 0x00007ff96e501000 	C:\Windows\System32\kernel.appcore.dll
0x00007ff964bb0000 - 0x00007ff964bc0000 	C:\Program Files\Java\jre1.8.0_271\bin\verify.dll
0x00007ff94aea0000 - 0x00007ff94aecb000 	C:\Program Files\Java\jre1.8.0_271\bin\java.dll
0x00007ff952c40000 - 0x00007ff952c58000 	C:\Program Files\Java\jre1.8.0_271\bin\zip.dll
0x00007ff969cd0000 - 0x00007ff969ec4000 	C:\Windows\SYSTEM32\dbghelp.dll

VM Arguments:
jvm_args: -Dfile.encoding=Cp1252 
java_command: application.Main
java_class_path (initial): C:\Users\Admin\Desktop\YouCode 2year\java work space\CoffeMachine\bin;C:\Users\Admin\Desktop\YouCode 2year\java config & tools\eclipse\plugins\org.eclipse.fx.ide.css.jfx8_2.3.0.201603030809.jar
Launcher Type: SUN_STANDARD

Environment Variables:
PATH=C:/Program Files/Java/jre1.8.0_271/bin/server;C:/Program Files/Java/jre1.8.0_271/bin;C:/Program Files/Java/jre1.8.0_271/lib/amd64;C:\Program Files (x86)\Common Files\Oracle\Java\javapath;C:\Python27\;C:\Python27\Scripts;C:\Windows\system32;C:\Windows;C:\Windows\System32\Wbem;C:\Windows\System32\WindowsPowerShell\v1.0\;C:\Windows\System32\OpenSSH\;C:\Program Files (x86)\Intel\Intel(R) Management Engine Components\DAL;C:\Program Files\Intel\Intel(R) Management Engine Components\DAL;C:\Program Files\Intel\WiFi\bin\;C:\Program Files\Common Files\Intel\WirelessCommon\;C:\Program Files\Git\cmd;C:\Program Files\nodejs\;C:\ProgramData\chocolatey\bin;C:\Program Files (x86)\Brackets\command;C:\xampp\php;C:\xampp\htdocs;C:\Users\Admin\AppData\Local\Microsoft\WindowsApps;C:\Users\Admin\AppData\Roaming\npm;C:\Users\Admin\AppData\Local\Programs\Microsoft VS Code\bin;C:\Users\Admin\AppData\Local\atom\bin;C:\Users\Admin\AppData\Roaming\Composer\vendor\bin;C:\adb;C:\Program Files\dotnet\;C:\Program Files\Microsoft SQL Server\130\Tools\Binn\;C:\Program Files\Microsoft SQL Server\Client SDK\ODBC\170\Tools\Binn\;C:\Program Files (x86)\Microsoft SQL Server\150\Tools\Binn\;C:\Program Files\Microsoft SQL Server\150\Tools\Binn\;C:\Program Files\Microsoft SQL Server\150\DTS\Binn\;C:\Program Files (x86)\Microsoft SQL Server\150\DTS\Binn\;C:\Program Files\Azure Data Studio\bin;C:\Program Files (x86)\dotnet\;C:\Users\Admin\AppData\Local\Microsoft\WindowsApps;C:\Users\Admin\AppData\Roaming\npm;C:\Users\Admin\AppData\Local\Programs\Microsoft VS Code\bin;C:\Users\Admin\AppData\Local\atom\bin;C:\Users\Admin\AppData\Roaming\Composer\vendor\bin;C:\Users\Admin\.dotnet\tools;C:\Program Files\Azure Data Studio\bin;C:\Users\Admin\Desktop\YouCode 2year\java config & tools\eclipse;
USERNAME=Admin
OS=Windows_NT
PROCESSOR_IDENTIFIER=Intel64 Family 6 Model 142 Stepping 10, GenuineIntel



---------------  S Y S T E M  ---------------

OS: Windows 10.0 , 64 bit Build 18362 (10.0.18362.1110)

CPU:total 8 (initial active 8) (4 cores per cpu, 2 threads per core) family 6 model 142 stepping 10, cmov, cx8, fxsr, mmx, sse, sse2, sse3, ssse3, sse4.1, sse4.2, popcnt, avx, avx2, aes, clmul, erms, rtm, 3dnowpref, lzcnt, ht, tsc, tscinvbit, bmi1, bmi2, adx

Memory: 4k page, physical 8244736k(560968k free), swap 33410560k(300k free)

vm_info: Java HotSpot(TM) 64-Bit Server VM (25.271-b09) for windows-amd64 JRE (1.8.0_271-b09), built on Sep 16 2020 19:14:59 by "" with MS VC++ 15.9 (VS2017)

time: Thu Dec 24 16:53:17 2020
timezone: Morocco Summer Time
elapsed time: 0.075923 seconds (0d 0h 0m 0s)

