#
# There is insufficient memory for the Java Runtime Environment to continue.
# Native memory allocation (malloc) failed to allocate 1926416 bytes for Chunk::new
# Possible reasons:
#   The system is out of physical RAM or swap space
#   The process is running with CompressedOops enabled, and the Java Heap may be blocking the growth of the native heap
# Possible solutions:
#   Reduce memory load on the system
#   Increase physical memory or swap space
#   Check if swap backing store is full
#   Decrease Java heap size (-Xmx/-Xms)
#   Decrease number of Java threads
#   Decrease Java thread stack sizes (-Xss)
#   Set larger code cache with -XX:ReservedCodeCacheSize=
#   JVM is running with Unscaled Compressed Oops mode in which the Java heap is
#     placed in the first 4GB address space. The Java Heap base address is the
#     maximum limit for the native heap growth. Please use -XX:HeapBaseMinAddress
#     to set the Java Heap base and to place the Java Heap above 4GB virtual address.
# This output file may be truncated or incomplete.
#
#  Out of Memory Error (allocation.cpp:389), pid=182792, tid=0x0000000000029dd0
#
# JRE version: Java(TM) SE Runtime Environment (8.0_271-b09) (build 1.8.0_271-b09)
# Java VM: Java HotSpot(TM) 64-Bit Server VM (25.271-b09 mixed mode windows-amd64 compressed oops)
# Failed to write core dump. Minidumps are not enabled by default on client versions of Windows
#

---------------  T H R E A D  ---------------

Current thread (0x0000021c36bb5800):  JavaThread "C2 CompilerThread0" daemon [_thread_in_native, id=171472, stack(0x000000ab2e800000,0x000000ab2e900000)]

Stack: [0x000000ab2e800000,0x000000ab2e900000]
Native frames: (J=compiled Java code, j=interpreted, Vv=VM code, C=native code)
V  [jvm.dll+0x33f6c9]
V  [jvm.dll+0x286122]
V  [jvm.dll+0x286dcd]
V  [jvm.dll+0x27d805]
V  [jvm.dll+0xe574c]
V  [jvm.dll+0xe5f4c]
V  [jvm.dll+0x480095]
V  [jvm.dll+0x447de8]
V  [jvm.dll+0x450c25]
V  [jvm.dll+0x44ffe5]
V  [jvm.dll+0x43aef7]
V  [jvm.dll+0xbc3eb]
V  [jvm.dll+0xbaa4b]
V  [jvm.dll+0x24e7c2]
V  [jvm.dll+0x2a2dcc]
C  [ucrtbase.dll+0x210b2]
C  [KERNEL32.DLL+0x17c24]
C  [ntdll.dll+0x6d4d1]


Current CompileTask:
C2:  13652 2860       4       com.sun.javafx.sg.prism.NGRegion::renderBackgroundRectangle (1152 bytes)


---------------  P R O C E S S  ---------------

Java Threads: ( => current thread )
  0x0000021c38933000 JavaThread "Prism Font Disposer" daemon [_thread_blocked, id=170792, stack(0x000000ab2f600000,0x000000ab2f700000)]
  0x0000021c3878a000 JavaThread "Thread-3" daemon [_thread_in_native, id=174340, stack(0x000000ab2f400000,0x000000ab2f500000)]
  0x0000021c387b9800 JavaThread "JavaFX-Launcher" [_thread_blocked, id=3312, stack(0x000000ab2f500000,0x000000ab2f600000)]
  0x0000021c38365000 JavaThread "JavaFX Application Thread" [_thread_blocked, id=139540, stack(0x000000ab2f000000,0x000000ab2f100000)]
  0x0000021c385b3000 JavaThread "Thread-1" daemon [_thread_blocked, id=150684, stack(0x000000ab2ef00000,0x000000ab2f000000)]
  0x0000021c38362800 JavaThread "QuantumRenderer-0" daemon [_thread_in_native, id=174720, stack(0x000000ab2ee00000,0x000000ab2ef00000)]
  0x0000021c36c3e800 JavaThread "Service Thread" daemon [_thread_blocked, id=177548, stack(0x000000ab2ec00000,0x000000ab2ed00000)]
  0x0000021c36bd4800 JavaThread "C1 CompilerThread3" daemon [_thread_blocked, id=183184, stack(0x000000ab2eb00000,0x000000ab2ec00000)]
  0x0000021c36bc6000 JavaThread "C2 CompilerThread2" daemon [_thread_blocked, id=178792, stack(0x000000ab2ea00000,0x000000ab2eb00000)]
  0x0000021c36bbe000 JavaThread "C2 CompilerThread1" daemon [_thread_blocked, id=179500, stack(0x000000ab2e900000,0x000000ab2ea00000)]
=>0x0000021c36bb5800 JavaThread "C2 CompilerThread0" daemon [_thread_in_native, id=171472, stack(0x000000ab2e800000,0x000000ab2e900000)]
  0x0000021c36bb4000 JavaThread "Attach Listener" daemon [_thread_blocked, id=174236, stack(0x000000ab2e700000,0x000000ab2e800000)]
  0x0000021c36bb2800 JavaThread "Signal Dispatcher" daemon [_thread_blocked, id=174572, stack(0x000000ab2e600000,0x000000ab2e700000)]
  0x0000021c36b93800 JavaThread "Finalizer" daemon [_thread_blocked, id=174008, stack(0x000000ab2e500000,0x000000ab2e600000)]
  0x0000021c36b6b000 JavaThread "Reference Handler" daemon [_thread_blocked, id=177600, stack(0x000000ab2e400000,0x000000ab2e500000)]
  0x0000021c2003f800 JavaThread "main" [_thread_blocked, id=182860, stack(0x000000ab2da00000,0x000000ab2db00000)]

Other Threads:
  0x0000021c36b65800 VMThread [stack: 0x000000ab2e300000,0x000000ab2e400000] [id=179964]
  0x0000021c37faa000 WatcherThread [stack: 0x000000ab2ed00000,0x000000ab2ee00000] [id=178956]

VM state:not at safepoint (normal execution)

VM Mutex/Monitor currently owned by a thread: None

heap address: 0x0000000082200000, size: 2014 MB, Compressed Oops mode: 32-bit
Narrow klass base: 0x0000000000000000, Narrow klass shift: 3
Compressed class space size: 1073741824 Address: 0x0000000100000000

Heap:
 PSYoungGen      total 37888K, used 22064K [0x00000000d6100000, 0x00000000d8b00000, 0x0000000100000000)
  eden space 32768K, 52% used [0x00000000d6100000,0x00000000d71b0160,0x00000000d8100000)
  from space 5120K, 97% used [0x00000000d8100000,0x00000000d85dc050,0x00000000d8600000)
  to   space 5120K, 0% used [0x00000000d8600000,0x00000000d8600000,0x00000000d8b00000)
 ParOldGen       total 86016K, used 80K [0x0000000082200000, 0x0000000087600000, 0x00000000d6100000)
  object space 86016K, 0% used [0x0000000082200000,0x0000000082214010,0x0000000087600000)
 Metaspace       used 18076K, capacity 19208K, committed 19328K, reserved 1064960K
  class space    used 2602K, capacity 2855K, committed 2944K, reserved 1048576K

Card table byte_map: [0x0000021c30d10000,0x0000021c31100000] byte_map_base: 0x0000021c308ff000

Marking Bits: (ParMarkBitMap*) 0x0000000067a27fe0
 Begin Bits: [0x0000021c313a0000, 0x0000021c33318000)
 End Bits:   [0x0000021c33318000, 0x0000021c35290000)

Polling page: 0x0000021c1ffc0000

CodeCache: size=245760Kb used=9251Kb max_used=9251Kb free=236508Kb
 bounds [0x0000021c21950000, 0x0000021c22260000, 0x0000021c30950000]
 total_blobs=3527 nmethods=2885 adapters=552
 compilation: enabled

Compilation events (10 events):
Event: 13.475 Thread 0x0000021c36bd4800 2877       3       com.sun.glass.ui.Window::getY (8 bytes)
Event: 13.475 Thread 0x0000021c36bd4800 nmethod 2877 0x0000021c2225aad0 code [0x0000021c2225ac40, 0x0000021c2225add0]
Event: 13.492 Thread 0x0000021c36bc6000 2879       4       java.util.Collections$UnmodifiableList$1::hasNext (10 bytes)
Event: 13.494 Thread 0x0000021c36bc6000 nmethod 2879 0x0000021c2225db10 code [0x0000021c2225dc60, 0x0000021c2225dd18]
Event: 13.503 Thread 0x0000021c36bd4800 2880       3       com.sun.glass.ui.Window::isMinimized (17 bytes)
Event: 13.504 Thread 0x0000021c36bd4800 nmethod 2880 0x0000021c2225d710 code [0x0000021c2225d880, 0x0000021c2225da70]
Event: 13.536 Thread 0x0000021c36bd4800 2881       3       java.util.concurrent.CountDownLatch::countDown (10 bytes)
Event: 13.536 Thread 0x0000021c36bd4800 nmethod 2881 0x0000021c2225d150 code [0x0000021c2225d2e0, 0x0000021c2225d600]
Event: 13.536 Thread 0x0000021c36bd4800 2882       3       java.util.concurrent.locks.AbstractQueuedSynchronizer::releaseShared (16 bytes)
Event: 13.536 Thread 0x0000021c36bd4800 nmethod 2882 0x0000021c2225cc90 code [0x0000021c2225ce00, 0x0000021c2225d0a0]

GC Heap History (2 events):
Event: 1.015 GC heap before
{Heap before GC invocations=1 (full 0):
 PSYoungGen      total 37888K, used 32768K [0x00000000d6100000, 0x00000000d8b00000, 0x0000000100000000)
  eden space 32768K, 100% used [0x00000000d6100000,0x00000000d8100000,0x00000000d8100000)
  from space 5120K, 0% used [0x00000000d8600000,0x00000000d8600000,0x00000000d8b00000)
  to   space 5120K, 0% used [0x00000000d8100000,0x00000000d8100000,0x00000000d8600000)
 ParOldGen       total 86016K, used 0K [0x0000000082200000, 0x0000000087600000, 0x00000000d6100000)
  object space 86016K, 0% used [0x0000000082200000,0x0000000082200000,0x0000000087600000)
 Metaspace       used 15320K, capacity 16068K, committed 16384K, reserved 1062912K
  class space    used 2303K, capacity 2489K, committed 2560K, reserved 1048576K
Event: 1.020 GC heap after
Heap after GC invocations=1 (full 0):
 PSYoungGen      total 37888K, used 4976K [0x00000000d6100000, 0x00000000d8b00000, 0x0000000100000000)
  eden space 32768K, 0% used [0x00000000d6100000,0x00000000d6100000,0x00000000d8100000)
  from space 5120K, 97% used [0x00000000d8100000,0x00000000d85dc050,0x00000000d8600000)
  to   space 5120K, 0% used [0x00000000d8600000,0x00000000d8600000,0x00000000d8b00000)
 ParOldGen       total 86016K, used 80K [0x0000000082200000, 0x0000000087600000, 0x00000000d6100000)
  object space 86016K, 0% used [0x0000000082200000,0x0000000082214010,0x0000000087600000)
 Metaspace       used 15320K, capacity 16068K, committed 16384K, reserved 1062912K
  class space    used 2303K, capacity 2489K, committed 2560K, reserved 1048576K
}

Deoptimization events (10 events):
Event: 1.251 Thread 0x0000021c38365000 Uncommon trap: reason=unstable_if action=reinterpret pc=0x0000021c21e955fc method=javafx.scene.Node.impl_isDirty(Lcom/sun/javafx/scene/DirtyBits;)Z @ 12
Event: 1.347 Thread 0x0000021c38362800 Uncommon trap: reason=unstable_if action=reinterpret pc=0x0000021c21e97ffc method=java.util.WeakHashMap.eq(Ljava/lang/Object;Ljava/lang/Object;)Z @ 2
Event: 5.290 Thread 0x0000021c38365000 Uncommon trap: reason=bimorphic action=maybe_recompile pc=0x0000021c21edd260 method=javafx.scene.Node.impl_geomChanged()V @ 33
Event: 5.290 Thread 0x0000021c38365000 Uncommon trap: reason=unstable_if action=reinterpret pc=0x0000021c21ed8d50 method=javafx.scene.Node.transformedBoundsChanged()V @ 4
Event: 5.290 Thread 0x0000021c38365000 Uncommon trap: reason=bimorphic action=maybe_recompile pc=0x0000021c21edd260 method=javafx.scene.Node.impl_geomChanged()V @ 33
Event: 5.290 Thread 0x0000021c38365000 Uncommon trap: reason=bimorphic action=maybe_recompile pc=0x0000021c21edd260 method=javafx.scene.Node.impl_geomChanged()V @ 33
Event: 5.290 Thread 0x0000021c38365000 Uncommon trap: reason=bimorphic action=maybe_recompile pc=0x0000021c21edd260 method=javafx.scene.Node.impl_geomChanged()V @ 33
Event: 5.292 Thread 0x0000021c38365000 Uncommon trap: reason=unstable_if action=reinterpret pc=0x0000021c21e69024 method=jdk.internal.org.objectweb.asm.Item.isEqualTo(Ljdk/internal/org/objectweb/asm/Item;)Z @ 331
Event: 7.707 Thread 0x0000021c38362800 Uncommon trap: reason=unstable_if action=reinterpret pc=0x0000021c22131fc8 method=com.sun.javafx.sg.prism.NGNode.doRender(Lcom/sun/prism/Graphics;)V @ 24
Event: 7.707 Thread 0x0000021c38362800 Uncommon trap: reason=unstable_if action=reinterpret pc=0x0000021c2216ce30 method=com.sun.javafx.sg.prism.NGGroup.renderContent(Lcom/sun/prism/Graphics;)V @ 18

Classes redefined (0 events):
No events

Internal exceptions (10 events):
Event: 0.611 Thread 0x0000021c38365000 Exception <a 'java/lang/ArrayIndexOutOfBoundsException': 58> (0x00000000d73b21b0) thrown at [C:\jenkins\workspace\8-2-build-windows-amd64-cygwin\jdk8u271\605\hotspot\src\share\vm\interpreter\interpreterRuntime.cpp, line 371]
Event: 0.612 Thread 0x0000021c38365000 Exception <a 'java/lang/ArrayIndexOutOfBoundsException': 18> (0x00000000d73b3038) thrown at [C:\jenkins\workspace\8-2-build-windows-amd64-cygwin\jdk8u271\605\hotspot\src\share\vm\interpreter\interpreterRuntime.cpp, line 371]
Event: 0.613 Thread 0x0000021c38365000 Exception <a 'java/lang/ArrayIndexOutOfBoundsException': 86> (0x00000000d73b43e0) thrown at [C:\jenkins\workspace\8-2-build-windows-amd64-cygwin\jdk8u271\605\hotspot\src\share\vm\interpreter\interpreterRuntime.cpp, line 371]
Event: 0.648 Thread 0x0000021c38365000 Exception <a 'java/lang/ArrayIndexOutOfBoundsException'> (0x00000000d74c6bf0) thrown at [C:\jenkins\workspace\8-2-build-windows-amd64-cygwin\jdk8u271\605\hotspot\src\share\vm\runtime\sharedRuntime.cpp, line 609]
Event: 0.681 Thread 0x0000021c38365000 Exception <a 'java/lang/ArrayIndexOutOfBoundsException'> (0x00000000d75f4c38) thrown at [C:\jenkins\workspace\8-2-build-windows-amd64-cygwin\jdk8u271\605\hotspot\src\share\vm\runtime\sharedRuntime.cpp, line 609]
Event: 0.681 Thread 0x0000021c38365000 Exception <a 'java/lang/ArrayIndexOutOfBoundsException'> (0x00000000d75f5c38) thrown at [C:\jenkins\workspace\8-2-build-windows-amd64-cygwin\jdk8u271\605\hotspot\src\share\vm\runtime\sharedRuntime.cpp, line 609]
Event: 0.681 Thread 0x0000021c38365000 Exception <a 'java/lang/ArrayIndexOutOfBoundsException'> (0x00000000d75f74a8) thrown at [C:\jenkins\workspace\8-2-build-windows-amd64-cygwin\jdk8u271\605\hotspot\src\share\vm\runtime\sharedRuntime.cpp, line 609]
Event: 0.685 Thread 0x0000021c38365000 Exception <a 'java/lang/ArrayIndexOutOfBoundsException'> (0x00000000d760d978) thrown at [C:\jenkins\workspace\8-2-build-windows-amd64-cygwin\jdk8u271\605\hotspot\src\share\vm\runtime\sharedRuntime.cpp, line 609]
Event: 0.726 Thread 0x0000021c38365000 Implicit null exception at 0x0000021c21bd1735 to 0x0000021c21bd190d
Event: 0.817 Thread 0x0000021c38365000 Exception <a 'java/io/FileNotFoundException'> (0x00000000d79f3b58) thrown at [C:\jenkins\workspace\8-2-build-windows-amd64-cygwin\jdk8u271\605\hotspot\src\share\vm\prims\jni.cpp, line 710]

Events (10 events):
Event: 5.292 loading class com/sun/javafx/tk/RenderJob
Event: 5.292 loading class com/sun/javafx/tk/RenderJob done
Event: 5.925 Executing VM operation: ForceSafepoint
Event: 5.925 Executing VM operation: ForceSafepoint done
Event: 7.707 Thread 0x0000021c38362800 Uncommon trap: trap_request=0xffffff65 fr.pc=0x0000021c22131fc8
Event: 7.707 Thread 0x0000021c38362800 DEOPT PACKING pc=0x0000021c22131fc8 sp=0x000000ab2eefee70
Event: 7.707 Thread 0x0000021c38362800 DEOPT UNPACKING pc=0x0000021c21995843 sp=0x000000ab2eefed98 mode 2
Event: 7.707 Thread 0x0000021c38362800 Uncommon trap: trap_request=0xffffff65 fr.pc=0x0000021c2216ce30
Event: 7.707 Thread 0x0000021c38362800 DEOPT PACKING pc=0x0000021c2216ce30 sp=0x000000ab2eefeaa0
Event: 7.707 Thread 0x0000021c38362800 DEOPT UNPACKING pc=0x0000021c21995843 sp=0x000000ab2eefe9f8 mode 2


Dynamic libraries:
0x00007ff76c7b0000 - 0x00007ff76c7f7000 	C:\Program Files\Java\jre1.8.0_271\bin\javaw.exe
0x00007ff9715a0000 - 0x00007ff971790000 	C:\Windows\SYSTEM32\ntdll.dll
0x00007ff9714a0000 - 0x00007ff971552000 	C:\Windows\System32\KERNEL32.DLL
0x00007ff96ed30000 - 0x00007ff96efd5000 	C:\Windows\System32\KERNELBASE.dll
0x00007ff968920000 - 0x00007ff9689af000 	C:\Windows\SYSTEM32\apphelp.dll
0x00007ff9703b0000 - 0x00007ff970453000 	C:\Windows\System32\ADVAPI32.dll
0x00007ff970540000 - 0x00007ff9705de000 	C:\Windows\System32\msvcrt.dll
0x00007ff9713f0000 - 0x00007ff971487000 	C:\Windows\System32\sechost.dll
0x00007ff96fe10000 - 0x00007ff96ff30000 	C:\Windows\System32\RPCRT4.dll
0x00007ff970f20000 - 0x00007ff9710b4000 	C:\Windows\System32\USER32.dll
0x00007ff96e570000 - 0x00007ff96e591000 	C:\Windows\System32\win32u.dll
0x00007ff970460000 - 0x00007ff970486000 	C:\Windows\System32\GDI32.dll
0x00007ff96f240000 - 0x00007ff96f3d6000 	C:\Windows\System32\gdi32full.dll
0x00007ff96f0a0000 - 0x00007ff96f13e000 	C:\Windows\System32\msvcp_win.dll
0x00007ff96f140000 - 0x00007ff96f23a000 	C:\Windows\System32\ucrtbase.dll
0x00007ff958ef0000 - 0x00007ff959174000 	C:\Windows\WinSxS\amd64_microsoft.windows.common-controls_6595b64144ccf1df_6.0.18362.1256_none_9e7e379be45e40e2\COMCTL32.dll
0x00007ff96f700000 - 0x00007ff96fa36000 	C:\Windows\System32\combase.dll
0x00007ff96f010000 - 0x00007ff96f091000 	C:\Windows\System32\bcryptPrimitives.dll
0x00007ff971190000 - 0x00007ff9711be000 	C:\Windows\System32\IMM32.DLL
0x00007ff93cdd0000 - 0x00007ff93cde5000 	C:\Program Files\Java\jre1.8.0_271\bin\vcruntime140.dll
0x00007ff930830000 - 0x00007ff9308cb000 	C:\Program Files\Java\jre1.8.0_271\bin\msvcp140.dll
0x0000000067230000 - 0x0000000067a9f000 	C:\Program Files\Java\jre1.8.0_271\bin\server\jvm.dll
0x00007ff96ff30000 - 0x00007ff96ff38000 	C:\Windows\System32\PSAPI.DLL
0x00007ff966250000 - 0x00007ff966274000 	C:\Windows\SYSTEM32\WINMM.dll
0x00007ff94a8a0000 - 0x00007ff94a8a9000 	C:\Windows\SYSTEM32\WSOCK32.dll
0x00007ff963ec0000 - 0x00007ff963eca000 	C:\Windows\SYSTEM32\VERSION.dll
0x00007ff9711c0000 - 0x00007ff97122f000 	C:\Windows\System32\WS2_32.dll
0x00007ff966200000 - 0x00007ff96622d000 	C:\Windows\SYSTEM32\WINMMBASE.dll
0x00007ff96f600000 - 0x00007ff96f64a000 	C:\Windows\System32\cfgmgr32.dll
0x00007ff96e4f0000 - 0x00007ff96e501000 	C:\Windows\System32\kernel.appcore.dll
0x00007ff964bb0000 - 0x00007ff964bc0000 	C:\Program Files\Java\jre1.8.0_271\bin\verify.dll
0x00007ff94aea0000 - 0x00007ff94aecb000 	C:\Program Files\Java\jre1.8.0_271\bin\java.dll
0x00007ff952c40000 - 0x00007ff952c58000 	C:\Program Files\Java\jre1.8.0_271\bin\zip.dll
0x00007ff9707c0000 - 0x00007ff970ea7000 	C:\Windows\System32\SHELL32.dll
0x00007ff96f650000 - 0x00007ff96f6f9000 	C:\Windows\System32\shcore.dll
0x00007ff96e5a0000 - 0x00007ff96ed21000 	C:\Windows\System32\windows.storage.dll
0x00007ff96e4c0000 - 0x00007ff96e4e3000 	C:\Windows\System32\profapi.dll
0x00007ff96e450000 - 0x00007ff96e49a000 	C:\Windows\System32\powrprof.dll
0x00007ff96e440000 - 0x00007ff96e450000 	C:\Windows\System32\UMPDC.dll
0x00007ff970600000 - 0x00007ff970652000 	C:\Windows\System32\shlwapi.dll
0x00007ff96f490000 - 0x00007ff96f4a7000 	C:\Windows\System32\cryptsp.dll
0x0000021c20130000 - 0x0000021c20133000 	C:\Program Files\Java\jre1.8.0_271\bin\api-ms-win-core-console-l1-1-0.dll
0x0000021c20140000 - 0x0000021c20143000 	C:\Program Files\Java\jre1.8.0_271\bin\api-ms-win-core-console-l1-2-0.dll
0x0000021c20150000 - 0x0000021c20153000 	C:\Program Files\Java\jre1.8.0_271\bin\api-ms-win-core-datetime-l1-1-0.dll
0x0000021c20160000 - 0x0000021c20163000 	C:\Program Files\Java\jre1.8.0_271\bin\api-ms-win-core-debug-l1-1-0.dll
0x0000021c20170000 - 0x0000021c20173000 	C:\Program Files\Java\jre1.8.0_271\bin\api-ms-win-core-errorhandling-l1-1-0.dll
0x0000021c20180000 - 0x0000021c20184000 	C:\Program Files\Java\jre1.8.0_271\bin\api-ms-win-core-file-l1-1-0.dll
0x0000021c20190000 - 0x0000021c20193000 	C:\Program Files\Java\jre1.8.0_271\bin\api-ms-win-core-file-l1-2-0.dll
0x0000021c38370000 - 0x0000021c38373000 	C:\Program Files\Java\jre1.8.0_271\bin\api-ms-win-core-file-l2-1-0.dll
0x0000021c38380000 - 0x0000021c38383000 	C:\Program Files\Java\jre1.8.0_271\bin\api-ms-win-core-handle-l1-1-0.dll
0x0000021c38390000 - 0x0000021c38393000 	C:\Program Files\Java\jre1.8.0_271\bin\api-ms-win-core-heap-l1-1-0.dll
0x0000021c383a0000 - 0x0000021c383a3000 	C:\Program Files\Java\jre1.8.0_271\bin\api-ms-win-core-interlocked-l1-1-0.dll
0x0000021c383b0000 - 0x0000021c383b3000 	C:\Program Files\Java\jre1.8.0_271\bin\api-ms-win-core-libraryloader-l1-1-0.dll
0x0000021c383c0000 - 0x0000021c383c3000 	C:\Program Files\Java\jre1.8.0_271\bin\api-ms-win-core-localization-l1-2-0.dll
0x0000021c383d0000 - 0x0000021c383d3000 	C:\Program Files\Java\jre1.8.0_271\bin\api-ms-win-core-memory-l1-1-0.dll
0x0000021c383e0000 - 0x0000021c383e3000 	C:\Program Files\Java\jre1.8.0_271\bin\api-ms-win-core-namedpipe-l1-1-0.dll
0x0000021c383f0000 - 0x0000021c383f3000 	C:\Program Files\Java\jre1.8.0_271\bin\api-ms-win-core-processenvironment-l1-1-0.dll
0x0000021c38400000 - 0x0000021c38403000 	C:\Program Files\Java\jre1.8.0_271\bin\api-ms-win-core-processthreads-l1-1-0.dll
0x0000021c38410000 - 0x0000021c38413000 	C:\Program Files\Java\jre1.8.0_271\bin\api-ms-win-core-processthreads-l1-1-1.dll
0x0000021c38420000 - 0x0000021c38423000 	C:\Program Files\Java\jre1.8.0_271\bin\api-ms-win-core-profile-l1-1-0.dll
0x0000021c38430000 - 0x0000021c38433000 	C:\Program Files\Java\jre1.8.0_271\bin\api-ms-win-core-rtlsupport-l1-1-0.dll
0x0000021c38440000 - 0x0000021c38443000 	C:\Program Files\Java\jre1.8.0_271\bin\api-ms-win-core-string-l1-1-0.dll
0x0000021c38450000 - 0x0000021c38453000 	C:\Program Files\Java\jre1.8.0_271\bin\api-ms-win-core-synch-l1-1-0.dll
0x0000021c38460000 - 0x0000021c38463000 	C:\Program Files\Java\jre1.8.0_271\bin\api-ms-win-core-synch-l1-2-0.dll
0x0000021c38470000 - 0x0000021c38473000 	C:\Program Files\Java\jre1.8.0_271\bin\api-ms-win-core-sysinfo-l1-1-0.dll
0x0000021c38480000 - 0x0000021c38483000 	C:\Program Files\Java\jre1.8.0_271\bin\api-ms-win-core-timezone-l1-1-0.dll
0x0000021c38490000 - 0x0000021c38493000 	C:\Program Files\Java\jre1.8.0_271\bin\api-ms-win-core-util-l1-1-0.dll
0x0000021c384a0000 - 0x0000021c384a3000 	C:\Program Files\Java\jre1.8.0_271\bin\api-ms-win-crt-conio-l1-1-0.dll
0x0000021c384b0000 - 0x0000021c384b4000 	C:\Program Files\Java\jre1.8.0_271\bin\api-ms-win-crt-convert-l1-1-0.dll
0x0000021c384c0000 - 0x0000021c384c3000 	C:\Program Files\Java\jre1.8.0_271\bin\api-ms-win-crt-environment-l1-1-0.dll
0x0000021c384d0000 - 0x0000021c384d3000 	C:\Program Files\Java\jre1.8.0_271\bin\api-ms-win-crt-filesystem-l1-1-0.dll
0x0000021c384e0000 - 0x0000021c384e3000 	C:\Program Files\Java\jre1.8.0_271\bin\api-ms-win-crt-heap-l1-1-0.dll
0x0000021c384f0000 - 0x0000021c384f3000 	C:\Program Files\Java\jre1.8.0_271\bin\api-ms-win-crt-locale-l1-1-0.dll
0x0000021c38500000 - 0x0000021c38505000 	C:\Program Files\Java\jre1.8.0_271\bin\api-ms-win-crt-math-l1-1-0.dll
0x0000021c38510000 - 0x0000021c38515000 	C:\Program Files\Java\jre1.8.0_271\bin\api-ms-win-crt-multibyte-l1-1-0.dll
0x0000021c38520000 - 0x0000021c38530000 	C:\Program Files\Java\jre1.8.0_271\bin\api-ms-win-crt-private-l1-1-0.dll
0x0000021c38530000 - 0x0000021c38533000 	C:\Program Files\Java\jre1.8.0_271\bin\api-ms-win-crt-process-l1-1-0.dll
0x0000021c38540000 - 0x0000021c38544000 	C:\Program Files\Java\jre1.8.0_271\bin\api-ms-win-crt-runtime-l1-1-0.dll
0x0000021c38550000 - 0x0000021c38554000 	C:\Program Files\Java\jre1.8.0_271\bin\api-ms-win-crt-stdio-l1-1-0.dll
0x0000021c38560000 - 0x0000021c38564000 	C:\Program Files\Java\jre1.8.0_271\bin\api-ms-win-crt-string-l1-1-0.dll
0x0000021c38570000 - 0x0000021c38573000 	C:\Program Files\Java\jre1.8.0_271\bin\api-ms-win-crt-time-l1-1-0.dll
0x0000021c38580000 - 0x0000021c38583000 	C:\Program Files\Java\jre1.8.0_271\bin\api-ms-win-crt-utility-l1-1-0.dll
0x00007ff9303a0000 - 0x00007ff93049a000 	C:\Program Files\Java\jre1.8.0_271\bin\ucrtbase.dll
0x00007ff969150000 - 0x00007ff96915c000 	C:\Windows\System32\vcruntime140_1.dll
0x00007ff93cda0000 - 0x00007ff93cdc3000 	C:\Program Files\Java\jre1.8.0_271\bin\prism_d3d.dll
0x00007ff9270d0000 - 0x00007ff927297000 	C:\Windows\system32\d3d9.dll
0x00007ff969790000 - 0x00007ff9697bd000 	C:\Windows\SYSTEM32\dwmapi.dll
0x00007ff96d080000 - 0x00007ff96d0a0000 	C:\Windows\SYSTEM32\dxcore.dll
0x00007ff968dc0000 - 0x00007ff968e59000 	C:\Windows\system32\uxtheme.dll
0x00007ff8fa930000 - 0x00007ff8faa8d000 	C:\Windows\System32\DriverStore\FileRepository\igdlh64.inf_amd64_654e79489f2b9f28\igdumdim64.dll
0x00007ff8e1470000 - 0x00007ff8e4d76000 	C:\Windows\System32\DriverStore\FileRepository\igdlh64.inf_amd64_654e79489f2b9f28\igd9dxva64.dll
0x00007ff970660000 - 0x00007ff9707b7000 	C:\Windows\System32\ole32.dll
0x00007ff9710c0000 - 0x00007ff971185000 	C:\Windows\System32\OLEAUT32.dll
0x00007ff96ff40000 - 0x00007ff9703b0000 	C:\Windows\System32\SETUPAPI.dll
0x00007ff96efe0000 - 0x00007ff96f006000 	C:\Windows\System32\bcrypt.dll
0x00007ff95f4f0000 - 0x00007ff95f694000 	C:\Windows\System32\DriverStore\FileRepository\igdlh64.inf_amd64_654e79489f2b9f28\igdgmm64.dll
0x00007ff93b7f0000 - 0x00007ff93b835000 	C:\Program Files\Java\jre1.8.0_271\bin\glass.dll
0x00007ff96fa40000 - 0x00007ff96fb10000 	C:\Windows\System32\COMDLG32.dll
0x00007ff96fcd0000 - 0x00007ff96fe05000 	C:\Windows\System32\MSCTF.dll
0x00007ff94c9a0000 - 0x00007ff94c9c6000 	C:\Windows\System32\DriverStore\FileRepository\igdlh64.inf_amd64_654e79489f2b9f28\igdinfo64.dll
0x00007ff95ce30000 - 0x00007ff95f431000 	C:\Windows\System32\DriverStore\FileRepository\igdlh64.inf_amd64_654e79489f2b9f28\igc64.dll
0x00007ff965480000 - 0x00007ff965494000 	C:\Program Files\Java\jre1.8.0_271\bin\javafx_font.dll
0x00007ff94daf0000 - 0x00007ff94ddee000 	C:\Windows\SYSTEM32\dwrite.dll
0x00007ff970490000 - 0x00007ff970532000 	C:\Windows\System32\clbcatq.dll
0x00007ff963840000 - 0x00007ff9639ef000 	C:\Windows\SYSTEM32\WindowsCodecs.dll
0x00007ff94ce80000 - 0x00007ff94ceba000 	C:\Windows\system32\dataexchange.dll
0x00007ff9678e0000 - 0x00007ff967b3b000 	C:\Windows\system32\d3d11.dll
0x00007ff9680d0000 - 0x00007ff9682ad000 	C:\Windows\system32\dcomp.dll
0x00007ff96d110000 - 0x00007ff96d1fb000 	C:\Windows\system32\dxgi.dll
0x00007ff969350000 - 0x00007ff9695b2000 	C:\Windows\system32\twinapi.appcore.dll
0x00007ff9697c0000 - 0x00007ff9697e9000 	C:\Windows\system32\RMCLIENT.dll
0x00007ff94c9d0000 - 0x00007ff94ca03000 	C:\Program Files\Common Files\Microsoft Shared\Ink\rtscom.dll
0x00007ff95c670000 - 0x00007ff95c70e000 	C:\Windows\System32\TextInputFramework.dll
0x00007ff963fc0000 - 0x00007ff9642ea000 	C:\Windows\System32\CoreUIComponents.dll
0x00007ff968620000 - 0x00007ff9686f4000 	C:\Windows\System32\CoreMessaging.dll
0x00007ff96d480000 - 0x00007ff96d4b1000 	C:\Windows\SYSTEM32\ntmarta.dll
0x00007ff966740000 - 0x00007ff966893000 	C:\Windows\SYSTEM32\wintypes.dll
0x00007ff95bad0000 - 0x00007ff95bd77000 	C:\Windows\System32\iertutil.dll
0x00007ff94e920000 - 0x00007ff94e985000 	C:\Windows\system32\Oleacc.dll
0x00007ff967320000 - 0x00007ff9678e0000 	C:\Windows\SYSTEM32\d2d1.dll
0x00007ff960cf0000 - 0x00007ff961431000 	C:\Windows\SYSTEM32\D3D10Warp.dll
0x00007ff968830000 - 0x00007ff968842000 	C:\Program Files\Java\jre1.8.0_271\bin\prism_common.dll
0x00007ff969cd0000 - 0x00007ff969ec4000 	C:\Windows\SYSTEM32\dbghelp.dll

VM Arguments:
jvm_args: -Dfile.encoding=Cp1252 
java_command: application.Main
java_class_path (initial): C:\Users\Admin\Desktop\YouCode 2year\java work space\CoffeMachine\bin;C:\Users\Admin\Desktop\YouCode 2year\java config & tools\eclipse\plugins\org.eclipse.fx.ide.css.jfx8_2.3.0.201603030809.jar
Launcher Type: SUN_STANDARD

Environment Variables:
PATH=C:/Program Files/Java/jre1.8.0_271/bin/server;C:/Program Files/Java/jre1.8.0_271/bin;C:/Program Files/Java/jre1.8.0_271/lib/amd64;C:\Program Files (x86)\Common Files\Oracle\Java\javapath;C:\Python27\;C:\Python27\Scripts;C:\Windows\system32;C:\Windows;C:\Windows\System32\Wbem;C:\Windows\System32\WindowsPowerShell\v1.0\;C:\Windows\System32\OpenSSH\;C:\Program Files (x86)\Intel\Intel(R) Management Engine Components\DAL;C:\Program Files\Intel\Intel(R) Management Engine Components\DAL;C:\Program Files\Intel\WiFi\bin\;C:\Program Files\Common Files\Intel\WirelessCommon\;C:\Program Files\Git\cmd;C:\Program Files\nodejs\;C:\ProgramData\chocolatey\bin;C:\Program Files (x86)\Brackets\command;C:\xampp\php;C:\xampp\htdocs;C:\Users\Admin\AppData\Local\Microsoft\WindowsApps;C:\Users\Admin\AppData\Roaming\npm;C:\Users\Admin\AppData\Local\Programs\Microsoft VS Code\bin;C:\Users\Admin\AppData\Local\atom\bin;C:\Users\Admin\AppData\Roaming\Composer\vendor\bin;C:\adb;C:\Program Files\dotnet\;C:\Program Files\Microsoft SQL Server\130\Tools\Binn\;C:\Program Files\Microsoft SQL Server\Client SDK\ODBC\170\Tools\Binn\;C:\Program Files (x86)\Microsoft SQL Server\150\Tools\Binn\;C:\Program Files\Microsoft SQL Server\150\Tools\Binn\;C:\Program Files\Microsoft SQL Server\150\DTS\Binn\;C:\Program Files (x86)\Microsoft SQL Server\150\DTS\Binn\;C:\Program Files\Azure Data Studio\bin;C:\Program Files (x86)\dotnet\;C:\Users\Admin\AppData\Local\Microsoft\WindowsApps;C:\Users\Admin\AppData\Roaming\npm;C:\Users\Admin\AppData\Local\Programs\Microsoft VS Code\bin;C:\Users\Admin\AppData\Local\atom\bin;C:\Users\Admin\AppData\Roaming\Composer\vendor\bin;C:\Users\Admin\.dotnet\tools;C:\Program Files\Azure Data Studio\bin;C:\Users\Admin\Desktop\YouCode 2year\java config & tools\eclipse;
USERNAME=Admin
OS=Windows_NT
PROCESSOR_IDENTIFIER=Intel64 Family 6 Model 142 Stepping 10, GenuineIntel



---------------  S Y S T E M  ---------------

OS: Windows 10.0 , 64 bit Build 18362 (10.0.18362.1110)

CPU:total 8 (initial active 8) (4 cores per cpu, 2 threads per core) family 6 model 142 stepping 10, cmov, cx8, fxsr, mmx, sse, sse2, sse3, ssse3, sse4.1, sse4.2, popcnt, avx, avx2, aes, clmul, erms, rtm, 3dnowpref, lzcnt, ht, tsc, tscinvbit, bmi1, bmi2, adx

Memory: 4k page, physical 8244736k(679868k free), swap 33410560k(4192k free)

vm_info: Java HotSpot(TM) 64-Bit Server VM (25.271-b09) for windows-amd64 JRE (1.8.0_271-b09), built on Sep 16 2020 19:14:59 by "" with MS VC++ 15.9 (VS2017)

time: Thu Dec 24 17:10:21 2020
timezone: Morocco Summer Time
elapsed time: 13.672389 seconds (0d 0h 0m 13s)

